[2026-01-31T12:57:14.200+0000] {processor.py:161} INFO - Started process (PID=182) to work on /opt/airflow/dags/hw2_temperature_dag.py
[2026-01-31T12:57:14.201+0000] {processor.py:830} INFO - Processing file /opt/airflow/dags/hw2_temperature_dag.py for tasks to queue
[2026-01-31T12:57:14.204+0000] {logging_mixin.py:188} INFO - [2026-01-31T12:57:14.204+0000] {dagbag.py:545} INFO - Filling up the DagBag from /opt/airflow/dags/hw2_temperature_dag.py
[2026-01-31T12:57:14.725+0000] {processor.py:840} INFO - DAG(s) 'hw2_temperature_dag' retrieved from /opt/airflow/dags/hw2_temperature_dag.py
[2026-01-31T12:57:14.733+0000] {logging_mixin.py:188} INFO - [2026-01-31T12:57:14.733+0000] {dag.py:3089} INFO - Sync 1 DAGs
[2026-01-31T12:57:14.738+0000] {logging_mixin.py:188} INFO - [2026-01-31T12:57:14.738+0000] {dag.py:3947} INFO - Setting next_dagrun for hw2_temperature_dag to None, run_after=None
[2026-01-31T12:57:14.743+0000] {processor.py:183} INFO - Processing /opt/airflow/dags/hw2_temperature_dag.py took 0.546 seconds
[2026-01-31T12:57:45.514+0000] {processor.py:161} INFO - Started process (PID=198) to work on /opt/airflow/dags/hw2_temperature_dag.py
[2026-01-31T12:57:45.515+0000] {processor.py:830} INFO - Processing file /opt/airflow/dags/hw2_temperature_dag.py for tasks to queue
[2026-01-31T12:57:45.516+0000] {logging_mixin.py:188} INFO - [2026-01-31T12:57:45.516+0000] {dagbag.py:545} INFO - Filling up the DagBag from /opt/airflow/dags/hw2_temperature_dag.py
[2026-01-31T12:57:45.652+0000] {processor.py:840} INFO - DAG(s) 'hw2_temperature_dag' retrieved from /opt/airflow/dags/hw2_temperature_dag.py
[2026-01-31T12:57:45.758+0000] {logging_mixin.py:188} INFO - [2026-01-31T12:57:45.757+0000] {dag.py:3089} INFO - Sync 1 DAGs
[2026-01-31T12:57:45.760+0000] {logging_mixin.py:188} INFO - [2026-01-31T12:57:45.760+0000] {dag.py:3947} INFO - Setting next_dagrun for hw2_temperature_dag to None, run_after=None
[2026-01-31T12:57:45.765+0000] {processor.py:183} INFO - Processing /opt/airflow/dags/hw2_temperature_dag.py took 0.256 seconds
[2026-01-31T12:58:15.995+0000] {processor.py:161} INFO - Started process (PID=221) to work on /opt/airflow/dags/hw2_temperature_dag.py
[2026-01-31T12:58:15.997+0000] {processor.py:830} INFO - Processing file /opt/airflow/dags/hw2_temperature_dag.py for tasks to queue
[2026-01-31T12:58:15.998+0000] {logging_mixin.py:188} INFO - [2026-01-31T12:58:15.998+0000] {dagbag.py:545} INFO - Filling up the DagBag from /opt/airflow/dags/hw2_temperature_dag.py
[2026-01-31T12:58:16.152+0000] {processor.py:840} INFO - DAG(s) 'hw2_temperature_dag' retrieved from /opt/airflow/dags/hw2_temperature_dag.py
[2026-01-31T12:58:16.162+0000] {logging_mixin.py:188} INFO - [2026-01-31T12:58:16.162+0000] {dag.py:3089} INFO - Sync 1 DAGs
[2026-01-31T12:58:16.166+0000] {logging_mixin.py:188} INFO - [2026-01-31T12:58:16.166+0000] {dag.py:3947} INFO - Setting next_dagrun for hw2_temperature_dag to None, run_after=None
[2026-01-31T12:58:16.171+0000] {processor.py:183} INFO - Processing /opt/airflow/dags/hw2_temperature_dag.py took 0.182 seconds
[2026-01-31T12:58:46.284+0000] {processor.py:161} INFO - Started process (PID=232) to work on /opt/airflow/dags/hw2_temperature_dag.py
[2026-01-31T12:58:46.285+0000] {processor.py:830} INFO - Processing file /opt/airflow/dags/hw2_temperature_dag.py for tasks to queue
[2026-01-31T12:58:46.287+0000] {logging_mixin.py:188} INFO - [2026-01-31T12:58:46.286+0000] {dagbag.py:545} INFO - Filling up the DagBag from /opt/airflow/dags/hw2_temperature_dag.py
[2026-01-31T12:58:46.516+0000] {processor.py:840} INFO - DAG(s) 'hw2_temperature_dag' retrieved from /opt/airflow/dags/hw2_temperature_dag.py
[2026-01-31T12:58:46.538+0000] {logging_mixin.py:188} INFO - [2026-01-31T12:58:46.537+0000] {dag.py:3089} INFO - Sync 1 DAGs
[2026-01-31T12:58:46.544+0000] {logging_mixin.py:188} INFO - [2026-01-31T12:58:46.544+0000] {dag.py:3947} INFO - Setting next_dagrun for hw2_temperature_dag to None, run_after=None
[2026-01-31T12:58:46.550+0000] {processor.py:183} INFO - Processing /opt/airflow/dags/hw2_temperature_dag.py took 0.271 seconds
[2026-01-31T12:59:16.579+0000] {processor.py:161} INFO - Started process (PID=243) to work on /opt/airflow/dags/hw2_temperature_dag.py
[2026-01-31T12:59:16.580+0000] {processor.py:830} INFO - Processing file /opt/airflow/dags/hw2_temperature_dag.py for tasks to queue
[2026-01-31T12:59:16.581+0000] {logging_mixin.py:188} INFO - [2026-01-31T12:59:16.581+0000] {dagbag.py:545} INFO - Filling up the DagBag from /opt/airflow/dags/hw2_temperature_dag.py
[2026-01-31T12:59:16.716+0000] {processor.py:840} INFO - DAG(s) 'hw2_temperature_dag' retrieved from /opt/airflow/dags/hw2_temperature_dag.py
[2026-01-31T12:59:16.724+0000] {logging_mixin.py:188} INFO - [2026-01-31T12:59:16.723+0000] {dag.py:3089} INFO - Sync 1 DAGs
[2026-01-31T12:59:16.727+0000] {logging_mixin.py:188} INFO - [2026-01-31T12:59:16.727+0000] {dag.py:3947} INFO - Setting next_dagrun for hw2_temperature_dag to None, run_after=None
[2026-01-31T12:59:16.732+0000] {processor.py:183} INFO - Processing /opt/airflow/dags/hw2_temperature_dag.py took 0.159 seconds
[2026-01-31T12:59:46.925+0000] {processor.py:161} INFO - Started process (PID=254) to work on /opt/airflow/dags/hw2_temperature_dag.py
[2026-01-31T12:59:46.926+0000] {processor.py:830} INFO - Processing file /opt/airflow/dags/hw2_temperature_dag.py for tasks to queue
[2026-01-31T12:59:46.926+0000] {logging_mixin.py:188} INFO - [2026-01-31T12:59:46.926+0000] {dagbag.py:545} INFO - Filling up the DagBag from /opt/airflow/dags/hw2_temperature_dag.py
[2026-01-31T12:59:47.049+0000] {processor.py:840} INFO - DAG(s) 'hw2_temperature_dag' retrieved from /opt/airflow/dags/hw2_temperature_dag.py
[2026-01-31T12:59:47.100+0000] {logging_mixin.py:188} INFO - [2026-01-31T12:59:47.100+0000] {dag.py:3089} INFO - Sync 1 DAGs
[2026-01-31T12:59:47.107+0000] {logging_mixin.py:188} INFO - [2026-01-31T12:59:47.107+0000] {dag.py:3947} INFO - Setting next_dagrun for hw2_temperature_dag to None, run_after=None
[2026-01-31T12:59:47.113+0000] {processor.py:183} INFO - Processing /opt/airflow/dags/hw2_temperature_dag.py took 0.193 seconds
[2026-01-31T13:00:17.240+0000] {processor.py:161} INFO - Started process (PID=265) to work on /opt/airflow/dags/hw2_temperature_dag.py
[2026-01-31T13:00:17.241+0000] {processor.py:830} INFO - Processing file /opt/airflow/dags/hw2_temperature_dag.py for tasks to queue
[2026-01-31T13:00:17.242+0000] {logging_mixin.py:188} INFO - [2026-01-31T13:00:17.242+0000] {dagbag.py:545} INFO - Filling up the DagBag from /opt/airflow/dags/hw2_temperature_dag.py
[2026-01-31T13:00:17.371+0000] {processor.py:840} INFO - DAG(s) 'hw2_temperature_dag' retrieved from /opt/airflow/dags/hw2_temperature_dag.py
[2026-01-31T13:00:17.379+0000] {logging_mixin.py:188} INFO - [2026-01-31T13:00:17.379+0000] {dag.py:3089} INFO - Sync 1 DAGs
[2026-01-31T13:00:17.382+0000] {logging_mixin.py:188} INFO - [2026-01-31T13:00:17.382+0000] {dag.py:3947} INFO - Setting next_dagrun for hw2_temperature_dag to None, run_after=None
[2026-01-31T13:00:17.387+0000] {processor.py:183} INFO - Processing /opt/airflow/dags/hw2_temperature_dag.py took 0.154 seconds
[2026-01-31T13:00:47.599+0000] {processor.py:161} INFO - Started process (PID=276) to work on /opt/airflow/dags/hw2_temperature_dag.py
[2026-01-31T13:00:47.600+0000] {processor.py:830} INFO - Processing file /opt/airflow/dags/hw2_temperature_dag.py for tasks to queue
[2026-01-31T13:00:47.601+0000] {logging_mixin.py:188} INFO - [2026-01-31T13:00:47.601+0000] {dagbag.py:545} INFO - Filling up the DagBag from /opt/airflow/dags/hw2_temperature_dag.py
[2026-01-31T13:00:47.729+0000] {processor.py:840} INFO - DAG(s) 'hw2_temperature_dag' retrieved from /opt/airflow/dags/hw2_temperature_dag.py
[2026-01-31T13:00:47.740+0000] {logging_mixin.py:188} INFO - [2026-01-31T13:00:47.740+0000] {dag.py:3089} INFO - Sync 1 DAGs
[2026-01-31T13:00:47.745+0000] {logging_mixin.py:188} INFO - [2026-01-31T13:00:47.744+0000] {dag.py:3947} INFO - Setting next_dagrun for hw2_temperature_dag to None, run_after=None
[2026-01-31T13:00:47.750+0000] {processor.py:183} INFO - Processing /opt/airflow/dags/hw2_temperature_dag.py took 0.159 seconds
[2026-01-31T13:01:17.912+0000] {processor.py:161} INFO - Started process (PID=287) to work on /opt/airflow/dags/hw2_temperature_dag.py
[2026-01-31T13:01:17.912+0000] {processor.py:830} INFO - Processing file /opt/airflow/dags/hw2_temperature_dag.py for tasks to queue
[2026-01-31T13:01:17.914+0000] {logging_mixin.py:188} INFO - [2026-01-31T13:01:17.913+0000] {dagbag.py:545} INFO - Filling up the DagBag from /opt/airflow/dags/hw2_temperature_dag.py
[2026-01-31T13:01:18.033+0000] {processor.py:840} INFO - DAG(s) 'hw2_temperature_dag' retrieved from /opt/airflow/dags/hw2_temperature_dag.py
[2026-01-31T13:01:18.041+0000] {logging_mixin.py:188} INFO - [2026-01-31T13:01:18.041+0000] {dag.py:3089} INFO - Sync 1 DAGs
[2026-01-31T13:01:18.045+0000] {logging_mixin.py:188} INFO - [2026-01-31T13:01:18.044+0000] {dag.py:3947} INFO - Setting next_dagrun for hw2_temperature_dag to None, run_after=None
[2026-01-31T13:01:18.050+0000] {processor.py:183} INFO - Processing /opt/airflow/dags/hw2_temperature_dag.py took 0.143 seconds
[2026-01-31T13:01:48.207+0000] {processor.py:161} INFO - Started process (PID=298) to work on /opt/airflow/dags/hw2_temperature_dag.py
[2026-01-31T13:01:48.208+0000] {processor.py:830} INFO - Processing file /opt/airflow/dags/hw2_temperature_dag.py for tasks to queue
[2026-01-31T13:01:48.209+0000] {logging_mixin.py:188} INFO - [2026-01-31T13:01:48.209+0000] {dagbag.py:545} INFO - Filling up the DagBag from /opt/airflow/dags/hw2_temperature_dag.py
[2026-01-31T13:01:48.338+0000] {processor.py:840} INFO - DAG(s) 'hw2_temperature_dag' retrieved from /opt/airflow/dags/hw2_temperature_dag.py
[2026-01-31T13:01:48.346+0000] {logging_mixin.py:188} INFO - [2026-01-31T13:01:48.346+0000] {dag.py:3089} INFO - Sync 1 DAGs
[2026-01-31T13:01:48.424+0000] {logging_mixin.py:188} INFO - [2026-01-31T13:01:48.424+0000] {dag.py:3947} INFO - Setting next_dagrun for hw2_temperature_dag to None, run_after=None
[2026-01-31T13:01:48.429+0000] {processor.py:183} INFO - Processing /opt/airflow/dags/hw2_temperature_dag.py took 0.227 seconds
[2026-01-31T13:02:18.529+0000] {processor.py:161} INFO - Started process (PID=309) to work on /opt/airflow/dags/hw2_temperature_dag.py
[2026-01-31T13:02:18.530+0000] {processor.py:830} INFO - Processing file /opt/airflow/dags/hw2_temperature_dag.py for tasks to queue
[2026-01-31T13:02:18.531+0000] {logging_mixin.py:188} INFO - [2026-01-31T13:02:18.531+0000] {dagbag.py:545} INFO - Filling up the DagBag from /opt/airflow/dags/hw2_temperature_dag.py
[2026-01-31T13:02:18.646+0000] {processor.py:840} INFO - DAG(s) 'hw2_temperature_dag' retrieved from /opt/airflow/dags/hw2_temperature_dag.py
[2026-01-31T13:02:18.655+0000] {logging_mixin.py:188} INFO - [2026-01-31T13:02:18.655+0000] {dag.py:3089} INFO - Sync 1 DAGs
[2026-01-31T13:02:18.658+0000] {logging_mixin.py:188} INFO - [2026-01-31T13:02:18.658+0000] {dag.py:3947} INFO - Setting next_dagrun for hw2_temperature_dag to None, run_after=None
[2026-01-31T13:02:18.663+0000] {processor.py:183} INFO - Processing /opt/airflow/dags/hw2_temperature_dag.py took 0.139 seconds
[2026-01-31T13:02:48.810+0000] {processor.py:161} INFO - Started process (PID=320) to work on /opt/airflow/dags/hw2_temperature_dag.py
[2026-01-31T13:02:48.811+0000] {processor.py:830} INFO - Processing file /opt/airflow/dags/hw2_temperature_dag.py for tasks to queue
[2026-01-31T13:02:48.812+0000] {logging_mixin.py:188} INFO - [2026-01-31T13:02:48.812+0000] {dagbag.py:545} INFO - Filling up the DagBag from /opt/airflow/dags/hw2_temperature_dag.py
[2026-01-31T13:02:48.935+0000] {processor.py:840} INFO - DAG(s) 'hw2_temperature_dag' retrieved from /opt/airflow/dags/hw2_temperature_dag.py
[2026-01-31T13:02:48.943+0000] {logging_mixin.py:188} INFO - [2026-01-31T13:02:48.943+0000] {dag.py:3089} INFO - Sync 1 DAGs
[2026-01-31T13:02:48.946+0000] {logging_mixin.py:188} INFO - [2026-01-31T13:02:48.946+0000] {dag.py:3947} INFO - Setting next_dagrun for hw2_temperature_dag to None, run_after=None
[2026-01-31T13:02:48.951+0000] {processor.py:183} INFO - Processing /opt/airflow/dags/hw2_temperature_dag.py took 0.146 seconds
