[2026-01-23T14:53:47.632+0000] {processor.py:161} INFO - Started process (PID=166) to work on /opt/airflow/dags/hw1_flatten_dag.py
[2026-01-23T14:53:47.632+0000] {processor.py:830} INFO - Processing file /opt/airflow/dags/hw1_flatten_dag.py for tasks to queue
[2026-01-23T14:53:47.633+0000] {logging_mixin.py:188} INFO - [2026-01-23T14:53:47.633+0000] {dagbag.py:545} INFO - Filling up the DagBag from /opt/airflow/dags/hw1_flatten_dag.py
[2026-01-23T14:53:47.648+0000] {processor.py:840} INFO - DAG(s) 'hw1_flatten_dag' retrieved from /opt/airflow/dags/hw1_flatten_dag.py
[2026-01-23T14:53:47.822+0000] {logging_mixin.py:188} INFO - [2026-01-23T14:53:47.822+0000] {override.py:1858} INFO - Created Permission View: can delete on DAG:hw1_flatten_dag
[2026-01-23T14:53:47.825+0000] {logging_mixin.py:188} INFO - [2026-01-23T14:53:47.825+0000] {override.py:1858} INFO - Created Permission View: can edit on DAG:hw1_flatten_dag
[2026-01-23T14:53:47.827+0000] {logging_mixin.py:188} INFO - [2026-01-23T14:53:47.827+0000] {override.py:1858} INFO - Created Permission View: can read on DAG:hw1_flatten_dag
[2026-01-23T14:53:47.827+0000] {logging_mixin.py:188} INFO - [2026-01-23T14:53:47.827+0000] {dag.py:3089} INFO - Sync 1 DAGs
[2026-01-23T14:53:47.834+0000] {logging_mixin.py:188} INFO - [2026-01-23T14:53:47.834+0000] {dag.py:3111} INFO - Creating ORM DAG for hw1_flatten_dag
[2026-01-23T14:53:47.835+0000] {logging_mixin.py:188} INFO - [2026-01-23T14:53:47.835+0000] {dag.py:3947} INFO - Setting next_dagrun for hw1_flatten_dag to None, run_after=None
[2026-01-23T14:53:47.840+0000] {processor.py:183} INFO - Processing /opt/airflow/dags/hw1_flatten_dag.py took 0.212 seconds
[2026-01-23T14:54:18.059+0000] {processor.py:161} INFO - Started process (PID=175) to work on /opt/airflow/dags/hw1_flatten_dag.py
[2026-01-23T14:54:18.062+0000] {processor.py:830} INFO - Processing file /opt/airflow/dags/hw1_flatten_dag.py for tasks to queue
[2026-01-23T14:54:18.064+0000] {logging_mixin.py:188} INFO - [2026-01-23T14:54:18.064+0000] {dagbag.py:545} INFO - Filling up the DagBag from /opt/airflow/dags/hw1_flatten_dag.py
[2026-01-23T14:54:18.073+0000] {processor.py:840} INFO - DAG(s) 'hw1_flatten_dag' retrieved from /opt/airflow/dags/hw1_flatten_dag.py
[2026-01-23T14:54:18.096+0000] {logging_mixin.py:188} INFO - [2026-01-23T14:54:18.096+0000] {dag.py:3089} INFO - Sync 1 DAGs
[2026-01-23T14:54:18.102+0000] {logging_mixin.py:188} INFO - [2026-01-23T14:54:18.102+0000] {dag.py:3947} INFO - Setting next_dagrun for hw1_flatten_dag to None, run_after=None
[2026-01-23T14:54:18.119+0000] {processor.py:183} INFO - Processing /opt/airflow/dags/hw1_flatten_dag.py took 0.066 seconds
[2026-01-23T14:54:39.225+0000] {processor.py:161} INFO - Started process (PID=180) to work on /opt/airflow/dags/hw1_flatten_dag.py
[2026-01-23T14:54:39.226+0000] {processor.py:830} INFO - Processing file /opt/airflow/dags/hw1_flatten_dag.py for tasks to queue
[2026-01-23T14:54:39.228+0000] {logging_mixin.py:188} INFO - [2026-01-23T14:54:39.227+0000] {dagbag.py:545} INFO - Filling up the DagBag from /opt/airflow/dags/hw1_flatten_dag.py
[2026-01-23T14:54:39.241+0000] {processor.py:840} INFO - DAG(s) 'hw1_flatten_dag' retrieved from /opt/airflow/dags/hw1_flatten_dag.py
[2026-01-23T14:54:39.280+0000] {logging_mixin.py:188} INFO - [2026-01-23T14:54:39.280+0000] {dag.py:3089} INFO - Sync 1 DAGs
[2026-01-23T14:54:39.291+0000] {logging_mixin.py:188} INFO - [2026-01-23T14:54:39.290+0000] {dag.py:3947} INFO - Setting next_dagrun for hw1_flatten_dag to None, run_after=None
[2026-01-23T14:54:39.302+0000] {processor.py:183} INFO - Processing /opt/airflow/dags/hw1_flatten_dag.py took 0.083 seconds
[2026-01-23T14:55:09.545+0000] {processor.py:161} INFO - Started process (PID=185) to work on /opt/airflow/dags/hw1_flatten_dag.py
[2026-01-23T14:55:09.549+0000] {processor.py:830} INFO - Processing file /opt/airflow/dags/hw1_flatten_dag.py for tasks to queue
[2026-01-23T14:55:09.555+0000] {logging_mixin.py:188} INFO - [2026-01-23T14:55:09.555+0000] {dagbag.py:545} INFO - Filling up the DagBag from /opt/airflow/dags/hw1_flatten_dag.py
[2026-01-23T14:55:09.563+0000] {processor.py:840} INFO - DAG(s) 'hw1_flatten_dag' retrieved from /opt/airflow/dags/hw1_flatten_dag.py
[2026-01-23T14:55:09.583+0000] {logging_mixin.py:188} INFO - [2026-01-23T14:55:09.583+0000] {dag.py:3089} INFO - Sync 1 DAGs
[2026-01-23T14:55:09.589+0000] {logging_mixin.py:188} INFO - [2026-01-23T14:55:09.589+0000] {dag.py:3947} INFO - Setting next_dagrun for hw1_flatten_dag to None, run_after=None
[2026-01-23T14:55:09.598+0000] {processor.py:183} INFO - Processing /opt/airflow/dags/hw1_flatten_dag.py took 0.058 seconds
[2026-01-23T14:55:39.832+0000] {processor.py:161} INFO - Started process (PID=190) to work on /opt/airflow/dags/hw1_flatten_dag.py
[2026-01-23T14:55:39.833+0000] {processor.py:830} INFO - Processing file /opt/airflow/dags/hw1_flatten_dag.py for tasks to queue
[2026-01-23T14:55:39.839+0000] {logging_mixin.py:188} INFO - [2026-01-23T14:55:39.838+0000] {dagbag.py:545} INFO - Filling up the DagBag from /opt/airflow/dags/hw1_flatten_dag.py
[2026-01-23T14:55:39.849+0000] {processor.py:840} INFO - DAG(s) 'hw1_flatten_dag' retrieved from /opt/airflow/dags/hw1_flatten_dag.py
[2026-01-23T14:55:39.869+0000] {logging_mixin.py:188} INFO - [2026-01-23T14:55:39.869+0000] {dag.py:3089} INFO - Sync 1 DAGs
[2026-01-23T14:55:39.876+0000] {logging_mixin.py:188} INFO - [2026-01-23T14:55:39.876+0000] {dag.py:3947} INFO - Setting next_dagrun for hw1_flatten_dag to None, run_after=None
[2026-01-23T14:55:39.885+0000] {processor.py:183} INFO - Processing /opt/airflow/dags/hw1_flatten_dag.py took 0.058 seconds
[2026-01-23T14:56:10.075+0000] {processor.py:161} INFO - Started process (PID=195) to work on /opt/airflow/dags/hw1_flatten_dag.py
[2026-01-23T14:56:10.076+0000] {processor.py:830} INFO - Processing file /opt/airflow/dags/hw1_flatten_dag.py for tasks to queue
[2026-01-23T14:56:10.077+0000] {logging_mixin.py:188} INFO - [2026-01-23T14:56:10.077+0000] {dagbag.py:545} INFO - Filling up the DagBag from /opt/airflow/dags/hw1_flatten_dag.py
[2026-01-23T14:56:10.084+0000] {processor.py:840} INFO - DAG(s) 'hw1_flatten_dag' retrieved from /opt/airflow/dags/hw1_flatten_dag.py
[2026-01-23T14:56:10.100+0000] {logging_mixin.py:188} INFO - [2026-01-23T14:56:10.100+0000] {dag.py:3089} INFO - Sync 1 DAGs
[2026-01-23T14:56:10.105+0000] {logging_mixin.py:188} INFO - [2026-01-23T14:56:10.105+0000] {dag.py:3947} INFO - Setting next_dagrun for hw1_flatten_dag to None, run_after=None
[2026-01-23T14:56:10.112+0000] {processor.py:183} INFO - Processing /opt/airflow/dags/hw1_flatten_dag.py took 0.047 seconds
[2026-01-23T14:56:40.368+0000] {processor.py:161} INFO - Started process (PID=200) to work on /opt/airflow/dags/hw1_flatten_dag.py
[2026-01-23T14:56:40.369+0000] {processor.py:830} INFO - Processing file /opt/airflow/dags/hw1_flatten_dag.py for tasks to queue
[2026-01-23T14:56:40.370+0000] {logging_mixin.py:188} INFO - [2026-01-23T14:56:40.370+0000] {dagbag.py:545} INFO - Filling up the DagBag from /opt/airflow/dags/hw1_flatten_dag.py
[2026-01-23T14:56:40.379+0000] {processor.py:840} INFO - DAG(s) 'hw1_flatten_dag' retrieved from /opt/airflow/dags/hw1_flatten_dag.py
[2026-01-23T14:56:40.393+0000] {logging_mixin.py:188} INFO - [2026-01-23T14:56:40.393+0000] {dag.py:3089} INFO - Sync 1 DAGs
[2026-01-23T14:56:40.398+0000] {logging_mixin.py:188} INFO - [2026-01-23T14:56:40.398+0000] {dag.py:3947} INFO - Setting next_dagrun for hw1_flatten_dag to None, run_after=None
[2026-01-23T14:56:40.404+0000] {processor.py:183} INFO - Processing /opt/airflow/dags/hw1_flatten_dag.py took 0.042 seconds
[2026-01-23T14:57:10.657+0000] {processor.py:161} INFO - Started process (PID=205) to work on /opt/airflow/dags/hw1_flatten_dag.py
[2026-01-23T14:57:10.658+0000] {processor.py:830} INFO - Processing file /opt/airflow/dags/hw1_flatten_dag.py for tasks to queue
[2026-01-23T14:57:10.660+0000] {logging_mixin.py:188} INFO - [2026-01-23T14:57:10.659+0000] {dagbag.py:545} INFO - Filling up the DagBag from /opt/airflow/dags/hw1_flatten_dag.py
[2026-01-23T14:57:10.683+0000] {processor.py:840} INFO - DAG(s) 'hw1_flatten_dag' retrieved from /opt/airflow/dags/hw1_flatten_dag.py
[2026-01-23T14:57:10.711+0000] {logging_mixin.py:188} INFO - [2026-01-23T14:57:10.711+0000] {dag.py:3089} INFO - Sync 1 DAGs
[2026-01-23T14:57:10.720+0000] {logging_mixin.py:188} INFO - [2026-01-23T14:57:10.720+0000] {dag.py:3947} INFO - Setting next_dagrun for hw1_flatten_dag to None, run_after=None
[2026-01-23T14:57:10.727+0000] {processor.py:183} INFO - Processing /opt/airflow/dags/hw1_flatten_dag.py took 0.076 seconds
[2026-01-23T14:57:40.954+0000] {processor.py:161} INFO - Started process (PID=210) to work on /opt/airflow/dags/hw1_flatten_dag.py
[2026-01-23T14:57:40.955+0000] {processor.py:830} INFO - Processing file /opt/airflow/dags/hw1_flatten_dag.py for tasks to queue
[2026-01-23T14:57:40.958+0000] {logging_mixin.py:188} INFO - [2026-01-23T14:57:40.957+0000] {dagbag.py:545} INFO - Filling up the DagBag from /opt/airflow/dags/hw1_flatten_dag.py
[2026-01-23T14:57:40.980+0000] {processor.py:840} INFO - DAG(s) 'hw1_flatten_dag' retrieved from /opt/airflow/dags/hw1_flatten_dag.py
[2026-01-23T14:57:41.003+0000] {logging_mixin.py:188} INFO - [2026-01-23T14:57:41.003+0000] {dag.py:3089} INFO - Sync 1 DAGs
[2026-01-23T14:57:41.015+0000] {logging_mixin.py:188} INFO - [2026-01-23T14:57:41.014+0000] {dag.py:3947} INFO - Setting next_dagrun for hw1_flatten_dag to None, run_after=None
[2026-01-23T14:57:41.022+0000] {processor.py:183} INFO - Processing /opt/airflow/dags/hw1_flatten_dag.py took 0.075 seconds
[2026-01-23T14:58:11.254+0000] {processor.py:161} INFO - Started process (PID=215) to work on /opt/airflow/dags/hw1_flatten_dag.py
[2026-01-23T14:58:11.255+0000] {processor.py:830} INFO - Processing file /opt/airflow/dags/hw1_flatten_dag.py for tasks to queue
[2026-01-23T14:58:11.260+0000] {logging_mixin.py:188} INFO - [2026-01-23T14:58:11.260+0000] {dagbag.py:545} INFO - Filling up the DagBag from /opt/airflow/dags/hw1_flatten_dag.py
[2026-01-23T14:58:11.274+0000] {processor.py:840} INFO - DAG(s) 'hw1_flatten_dag' retrieved from /opt/airflow/dags/hw1_flatten_dag.py
[2026-01-23T14:58:11.295+0000] {logging_mixin.py:188} INFO - [2026-01-23T14:58:11.295+0000] {dag.py:3089} INFO - Sync 1 DAGs
[2026-01-23T14:58:11.301+0000] {logging_mixin.py:188} INFO - [2026-01-23T14:58:11.301+0000] {dag.py:3947} INFO - Setting next_dagrun for hw1_flatten_dag to None, run_after=None
[2026-01-23T14:58:11.307+0000] {processor.py:183} INFO - Processing /opt/airflow/dags/hw1_flatten_dag.py took 0.061 seconds
[2026-01-23T14:58:41.577+0000] {processor.py:161} INFO - Started process (PID=220) to work on /opt/airflow/dags/hw1_flatten_dag.py
[2026-01-23T14:58:41.578+0000] {processor.py:830} INFO - Processing file /opt/airflow/dags/hw1_flatten_dag.py for tasks to queue
[2026-01-23T14:58:41.581+0000] {logging_mixin.py:188} INFO - [2026-01-23T14:58:41.581+0000] {dagbag.py:545} INFO - Filling up the DagBag from /opt/airflow/dags/hw1_flatten_dag.py
[2026-01-23T14:58:41.604+0000] {processor.py:840} INFO - DAG(s) 'hw1_flatten_dag' retrieved from /opt/airflow/dags/hw1_flatten_dag.py
[2026-01-23T14:58:41.647+0000] {logging_mixin.py:188} INFO - [2026-01-23T14:58:41.647+0000] {dag.py:3089} INFO - Sync 1 DAGs
[2026-01-23T14:58:41.655+0000] {logging_mixin.py:188} INFO - [2026-01-23T14:58:41.655+0000] {dag.py:3947} INFO - Setting next_dagrun for hw1_flatten_dag to None, run_after=None
[2026-01-23T14:58:41.664+0000] {processor.py:183} INFO - Processing /opt/airflow/dags/hw1_flatten_dag.py took 0.095 seconds
[2026-01-23T14:59:11.878+0000] {processor.py:161} INFO - Started process (PID=225) to work on /opt/airflow/dags/hw1_flatten_dag.py
[2026-01-23T14:59:11.880+0000] {processor.py:830} INFO - Processing file /opt/airflow/dags/hw1_flatten_dag.py for tasks to queue
[2026-01-23T14:59:11.885+0000] {logging_mixin.py:188} INFO - [2026-01-23T14:59:11.884+0000] {dagbag.py:545} INFO - Filling up the DagBag from /opt/airflow/dags/hw1_flatten_dag.py
[2026-01-23T14:59:11.906+0000] {processor.py:840} INFO - DAG(s) 'hw1_flatten_dag' retrieved from /opt/airflow/dags/hw1_flatten_dag.py
[2026-01-23T14:59:11.928+0000] {logging_mixin.py:188} INFO - [2026-01-23T14:59:11.928+0000] {dag.py:3089} INFO - Sync 1 DAGs
[2026-01-23T14:59:11.935+0000] {logging_mixin.py:188} INFO - [2026-01-23T14:59:11.934+0000] {dag.py:3947} INFO - Setting next_dagrun for hw1_flatten_dag to None, run_after=None
[2026-01-23T14:59:11.941+0000] {processor.py:183} INFO - Processing /opt/airflow/dags/hw1_flatten_dag.py took 0.078 seconds
[2026-01-23T14:59:42.191+0000] {processor.py:161} INFO - Started process (PID=230) to work on /opt/airflow/dags/hw1_flatten_dag.py
[2026-01-23T14:59:42.197+0000] {processor.py:830} INFO - Processing file /opt/airflow/dags/hw1_flatten_dag.py for tasks to queue
[2026-01-23T14:59:42.199+0000] {logging_mixin.py:188} INFO - [2026-01-23T14:59:42.199+0000] {dagbag.py:545} INFO - Filling up the DagBag from /opt/airflow/dags/hw1_flatten_dag.py
[2026-01-23T14:59:42.211+0000] {processor.py:840} INFO - DAG(s) 'hw1_flatten_dag' retrieved from /opt/airflow/dags/hw1_flatten_dag.py
[2026-01-23T14:59:42.235+0000] {logging_mixin.py:188} INFO - [2026-01-23T14:59:42.235+0000] {dag.py:3089} INFO - Sync 1 DAGs
[2026-01-23T14:59:42.242+0000] {logging_mixin.py:188} INFO - [2026-01-23T14:59:42.242+0000] {dag.py:3947} INFO - Setting next_dagrun for hw1_flatten_dag to None, run_after=None
[2026-01-23T14:59:42.248+0000] {processor.py:183} INFO - Processing /opt/airflow/dags/hw1_flatten_dag.py took 0.065 seconds
[2026-01-23T15:00:12.415+0000] {processor.py:161} INFO - Started process (PID=235) to work on /opt/airflow/dags/hw1_flatten_dag.py
[2026-01-23T15:00:12.420+0000] {processor.py:830} INFO - Processing file /opt/airflow/dags/hw1_flatten_dag.py for tasks to queue
[2026-01-23T15:00:12.424+0000] {logging_mixin.py:188} INFO - [2026-01-23T15:00:12.423+0000] {dagbag.py:545} INFO - Filling up the DagBag from /opt/airflow/dags/hw1_flatten_dag.py
[2026-01-23T15:00:12.436+0000] {processor.py:840} INFO - DAG(s) 'hw1_flatten_dag' retrieved from /opt/airflow/dags/hw1_flatten_dag.py
[2026-01-23T15:00:12.456+0000] {logging_mixin.py:188} INFO - [2026-01-23T15:00:12.456+0000] {dag.py:3089} INFO - Sync 1 DAGs
[2026-01-23T15:00:12.461+0000] {logging_mixin.py:188} INFO - [2026-01-23T15:00:12.461+0000] {dag.py:3947} INFO - Setting next_dagrun for hw1_flatten_dag to None, run_after=None
[2026-01-23T15:00:12.468+0000] {processor.py:183} INFO - Processing /opt/airflow/dags/hw1_flatten_dag.py took 0.063 seconds
[2026-01-23T15:00:42.686+0000] {processor.py:161} INFO - Started process (PID=240) to work on /opt/airflow/dags/hw1_flatten_dag.py
[2026-01-23T15:00:42.688+0000] {processor.py:830} INFO - Processing file /opt/airflow/dags/hw1_flatten_dag.py for tasks to queue
[2026-01-23T15:00:42.690+0000] {logging_mixin.py:188} INFO - [2026-01-23T15:00:42.690+0000] {dagbag.py:545} INFO - Filling up the DagBag from /opt/airflow/dags/hw1_flatten_dag.py
[2026-01-23T15:00:42.706+0000] {processor.py:840} INFO - DAG(s) 'hw1_flatten_dag' retrieved from /opt/airflow/dags/hw1_flatten_dag.py
[2026-01-23T15:00:42.739+0000] {logging_mixin.py:188} INFO - [2026-01-23T15:00:42.739+0000] {dag.py:3089} INFO - Sync 1 DAGs
[2026-01-23T15:00:42.747+0000] {logging_mixin.py:188} INFO - [2026-01-23T15:00:42.747+0000] {dag.py:3947} INFO - Setting next_dagrun for hw1_flatten_dag to None, run_after=None
[2026-01-23T15:00:42.757+0000] {processor.py:183} INFO - Processing /opt/airflow/dags/hw1_flatten_dag.py took 0.078 seconds
[2026-01-23T15:01:13.019+0000] {processor.py:161} INFO - Started process (PID=245) to work on /opt/airflow/dags/hw1_flatten_dag.py
[2026-01-23T15:01:13.020+0000] {processor.py:830} INFO - Processing file /opt/airflow/dags/hw1_flatten_dag.py for tasks to queue
[2026-01-23T15:01:13.023+0000] {logging_mixin.py:188} INFO - [2026-01-23T15:01:13.022+0000] {dagbag.py:545} INFO - Filling up the DagBag from /opt/airflow/dags/hw1_flatten_dag.py
[2026-01-23T15:01:13.034+0000] {processor.py:840} INFO - DAG(s) 'hw1_flatten_dag' retrieved from /opt/airflow/dags/hw1_flatten_dag.py
[2026-01-23T15:01:13.056+0000] {logging_mixin.py:188} INFO - [2026-01-23T15:01:13.056+0000] {dag.py:3089} INFO - Sync 1 DAGs
[2026-01-23T15:01:13.063+0000] {logging_mixin.py:188} INFO - [2026-01-23T15:01:13.063+0000] {dag.py:3947} INFO - Setting next_dagrun for hw1_flatten_dag to None, run_after=None
[2026-01-23T15:01:13.071+0000] {processor.py:183} INFO - Processing /opt/airflow/dags/hw1_flatten_dag.py took 0.060 seconds
[2026-01-23T15:01:43.280+0000] {processor.py:161} INFO - Started process (PID=250) to work on /opt/airflow/dags/hw1_flatten_dag.py
[2026-01-23T15:01:43.281+0000] {processor.py:830} INFO - Processing file /opt/airflow/dags/hw1_flatten_dag.py for tasks to queue
[2026-01-23T15:01:43.282+0000] {logging_mixin.py:188} INFO - [2026-01-23T15:01:43.282+0000] {dagbag.py:545} INFO - Filling up the DagBag from /opt/airflow/dags/hw1_flatten_dag.py
[2026-01-23T15:01:43.287+0000] {processor.py:840} INFO - DAG(s) 'hw1_flatten_dag' retrieved from /opt/airflow/dags/hw1_flatten_dag.py
[2026-01-23T15:01:43.303+0000] {logging_mixin.py:188} INFO - [2026-01-23T15:01:43.303+0000] {dag.py:3089} INFO - Sync 1 DAGs
[2026-01-23T15:01:43.311+0000] {logging_mixin.py:188} INFO - [2026-01-23T15:01:43.311+0000] {dag.py:3947} INFO - Setting next_dagrun for hw1_flatten_dag to None, run_after=None
[2026-01-23T15:01:43.319+0000] {processor.py:183} INFO - Processing /opt/airflow/dags/hw1_flatten_dag.py took 0.043 seconds
[2026-01-23T15:02:13.617+0000] {processor.py:161} INFO - Started process (PID=255) to work on /opt/airflow/dags/hw1_flatten_dag.py
[2026-01-23T15:02:13.620+0000] {processor.py:830} INFO - Processing file /opt/airflow/dags/hw1_flatten_dag.py for tasks to queue
[2026-01-23T15:02:13.623+0000] {logging_mixin.py:188} INFO - [2026-01-23T15:02:13.623+0000] {dagbag.py:545} INFO - Filling up the DagBag from /opt/airflow/dags/hw1_flatten_dag.py
[2026-01-23T15:02:13.635+0000] {processor.py:840} INFO - DAG(s) 'hw1_flatten_dag' retrieved from /opt/airflow/dags/hw1_flatten_dag.py
[2026-01-23T15:02:13.664+0000] {logging_mixin.py:188} INFO - [2026-01-23T15:02:13.664+0000] {dag.py:3089} INFO - Sync 1 DAGs
[2026-01-23T15:02:13.671+0000] {logging_mixin.py:188} INFO - [2026-01-23T15:02:13.671+0000] {dag.py:3947} INFO - Setting next_dagrun for hw1_flatten_dag to None, run_after=None
[2026-01-23T15:02:13.678+0000] {processor.py:183} INFO - Processing /opt/airflow/dags/hw1_flatten_dag.py took 0.070 seconds
[2026-01-23T15:02:43.910+0000] {processor.py:161} INFO - Started process (PID=260) to work on /opt/airflow/dags/hw1_flatten_dag.py
[2026-01-23T15:02:43.914+0000] {processor.py:830} INFO - Processing file /opt/airflow/dags/hw1_flatten_dag.py for tasks to queue
[2026-01-23T15:02:43.916+0000] {logging_mixin.py:188} INFO - [2026-01-23T15:02:43.916+0000] {dagbag.py:545} INFO - Filling up the DagBag from /opt/airflow/dags/hw1_flatten_dag.py
[2026-01-23T15:02:43.933+0000] {processor.py:840} INFO - DAG(s) 'hw1_flatten_dag' retrieved from /opt/airflow/dags/hw1_flatten_dag.py
[2026-01-23T15:02:43.963+0000] {logging_mixin.py:188} INFO - [2026-01-23T15:02:43.963+0000] {dag.py:3089} INFO - Sync 1 DAGs
[2026-01-23T15:02:43.970+0000] {logging_mixin.py:188} INFO - [2026-01-23T15:02:43.970+0000] {dag.py:3947} INFO - Setting next_dagrun for hw1_flatten_dag to None, run_after=None
[2026-01-23T15:02:43.980+0000] {processor.py:183} INFO - Processing /opt/airflow/dags/hw1_flatten_dag.py took 0.077 seconds
[2026-01-23T15:03:14.245+0000] {processor.py:161} INFO - Started process (PID=265) to work on /opt/airflow/dags/hw1_flatten_dag.py
[2026-01-23T15:03:14.248+0000] {processor.py:830} INFO - Processing file /opt/airflow/dags/hw1_flatten_dag.py for tasks to queue
[2026-01-23T15:03:14.254+0000] {logging_mixin.py:188} INFO - [2026-01-23T15:03:14.254+0000] {dagbag.py:545} INFO - Filling up the DagBag from /opt/airflow/dags/hw1_flatten_dag.py
[2026-01-23T15:03:14.269+0000] {processor.py:840} INFO - DAG(s) 'hw1_flatten_dag' retrieved from /opt/airflow/dags/hw1_flatten_dag.py
[2026-01-23T15:03:14.292+0000] {logging_mixin.py:188} INFO - [2026-01-23T15:03:14.292+0000] {dag.py:3089} INFO - Sync 1 DAGs
[2026-01-23T15:03:14.302+0000] {logging_mixin.py:188} INFO - [2026-01-23T15:03:14.301+0000] {dag.py:3947} INFO - Setting next_dagrun for hw1_flatten_dag to None, run_after=None
[2026-01-23T15:03:14.310+0000] {processor.py:183} INFO - Processing /opt/airflow/dags/hw1_flatten_dag.py took 0.079 seconds
[2026-01-23T15:03:44.513+0000] {processor.py:161} INFO - Started process (PID=270) to work on /opt/airflow/dags/hw1_flatten_dag.py
[2026-01-23T15:03:44.515+0000] {processor.py:830} INFO - Processing file /opt/airflow/dags/hw1_flatten_dag.py for tasks to queue
[2026-01-23T15:03:44.518+0000] {logging_mixin.py:188} INFO - [2026-01-23T15:03:44.517+0000] {dagbag.py:545} INFO - Filling up the DagBag from /opt/airflow/dags/hw1_flatten_dag.py
[2026-01-23T15:03:44.538+0000] {processor.py:840} INFO - DAG(s) 'hw1_flatten_dag' retrieved from /opt/airflow/dags/hw1_flatten_dag.py
[2026-01-23T15:03:44.558+0000] {logging_mixin.py:188} INFO - [2026-01-23T15:03:44.557+0000] {dag.py:3089} INFO - Sync 1 DAGs
[2026-01-23T15:03:44.565+0000] {logging_mixin.py:188} INFO - [2026-01-23T15:03:44.565+0000] {dag.py:3947} INFO - Setting next_dagrun for hw1_flatten_dag to None, run_after=None
[2026-01-23T15:03:44.573+0000] {processor.py:183} INFO - Processing /opt/airflow/dags/hw1_flatten_dag.py took 0.071 seconds
[2026-01-23T15:04:14.823+0000] {processor.py:161} INFO - Started process (PID=275) to work on /opt/airflow/dags/hw1_flatten_dag.py
[2026-01-23T15:04:14.827+0000] {processor.py:830} INFO - Processing file /opt/airflow/dags/hw1_flatten_dag.py for tasks to queue
[2026-01-23T15:04:14.834+0000] {logging_mixin.py:188} INFO - [2026-01-23T15:04:14.834+0000] {dagbag.py:545} INFO - Filling up the DagBag from /opt/airflow/dags/hw1_flatten_dag.py
[2026-01-23T15:04:14.846+0000] {processor.py:840} INFO - DAG(s) 'hw1_flatten_dag' retrieved from /opt/airflow/dags/hw1_flatten_dag.py
[2026-01-23T15:04:14.866+0000] {logging_mixin.py:188} INFO - [2026-01-23T15:04:14.866+0000] {dag.py:3089} INFO - Sync 1 DAGs
[2026-01-23T15:04:14.874+0000] {logging_mixin.py:188} INFO - [2026-01-23T15:04:14.874+0000] {dag.py:3947} INFO - Setting next_dagrun for hw1_flatten_dag to None, run_after=None
[2026-01-23T15:04:14.881+0000] {processor.py:183} INFO - Processing /opt/airflow/dags/hw1_flatten_dag.py took 0.064 seconds
[2026-01-23T15:04:45.108+0000] {processor.py:161} INFO - Started process (PID=280) to work on /opt/airflow/dags/hw1_flatten_dag.py
[2026-01-23T15:04:45.109+0000] {processor.py:830} INFO - Processing file /opt/airflow/dags/hw1_flatten_dag.py for tasks to queue
[2026-01-23T15:04:45.114+0000] {logging_mixin.py:188} INFO - [2026-01-23T15:04:45.113+0000] {dagbag.py:545} INFO - Filling up the DagBag from /opt/airflow/dags/hw1_flatten_dag.py
[2026-01-23T15:04:45.126+0000] {processor.py:840} INFO - DAG(s) 'hw1_flatten_dag' retrieved from /opt/airflow/dags/hw1_flatten_dag.py
[2026-01-23T15:04:45.157+0000] {logging_mixin.py:188} INFO - [2026-01-23T15:04:45.157+0000] {dag.py:3089} INFO - Sync 1 DAGs
[2026-01-23T15:04:45.165+0000] {logging_mixin.py:188} INFO - [2026-01-23T15:04:45.165+0000] {dag.py:3947} INFO - Setting next_dagrun for hw1_flatten_dag to None, run_after=None
[2026-01-23T15:04:45.174+0000] {processor.py:183} INFO - Processing /opt/airflow/dags/hw1_flatten_dag.py took 0.074 seconds
[2026-01-23T15:05:15.405+0000] {processor.py:161} INFO - Started process (PID=285) to work on /opt/airflow/dags/hw1_flatten_dag.py
[2026-01-23T15:05:15.410+0000] {processor.py:830} INFO - Processing file /opt/airflow/dags/hw1_flatten_dag.py for tasks to queue
[2026-01-23T15:05:15.413+0000] {logging_mixin.py:188} INFO - [2026-01-23T15:05:15.413+0000] {dagbag.py:545} INFO - Filling up the DagBag from /opt/airflow/dags/hw1_flatten_dag.py
[2026-01-23T15:05:15.431+0000] {processor.py:840} INFO - DAG(s) 'hw1_flatten_dag' retrieved from /opt/airflow/dags/hw1_flatten_dag.py
[2026-01-23T15:05:15.462+0000] {logging_mixin.py:188} INFO - [2026-01-23T15:05:15.462+0000] {dag.py:3089} INFO - Sync 1 DAGs
[2026-01-23T15:05:15.468+0000] {logging_mixin.py:188} INFO - [2026-01-23T15:05:15.467+0000] {dag.py:3947} INFO - Setting next_dagrun for hw1_flatten_dag to None, run_after=None
[2026-01-23T15:05:15.477+0000] {processor.py:183} INFO - Processing /opt/airflow/dags/hw1_flatten_dag.py took 0.080 seconds
[2026-01-23T15:05:45.723+0000] {processor.py:161} INFO - Started process (PID=290) to work on /opt/airflow/dags/hw1_flatten_dag.py
[2026-01-23T15:05:45.724+0000] {processor.py:830} INFO - Processing file /opt/airflow/dags/hw1_flatten_dag.py for tasks to queue
[2026-01-23T15:05:45.727+0000] {logging_mixin.py:188} INFO - [2026-01-23T15:05:45.727+0000] {dagbag.py:545} INFO - Filling up the DagBag from /opt/airflow/dags/hw1_flatten_dag.py
[2026-01-23T15:05:45.741+0000] {processor.py:840} INFO - DAG(s) 'hw1_flatten_dag' retrieved from /opt/airflow/dags/hw1_flatten_dag.py
[2026-01-23T15:05:45.762+0000] {logging_mixin.py:188} INFO - [2026-01-23T15:05:45.762+0000] {dag.py:3089} INFO - Sync 1 DAGs
[2026-01-23T15:05:45.767+0000] {logging_mixin.py:188} INFO - [2026-01-23T15:05:45.767+0000] {dag.py:3947} INFO - Setting next_dagrun for hw1_flatten_dag to None, run_after=None
[2026-01-23T15:05:45.778+0000] {processor.py:183} INFO - Processing /opt/airflow/dags/hw1_flatten_dag.py took 0.062 seconds
[2026-01-23T15:06:16.070+0000] {processor.py:161} INFO - Started process (PID=295) to work on /opt/airflow/dags/hw1_flatten_dag.py
[2026-01-23T15:06:16.071+0000] {processor.py:830} INFO - Processing file /opt/airflow/dags/hw1_flatten_dag.py for tasks to queue
[2026-01-23T15:06:16.075+0000] {logging_mixin.py:188} INFO - [2026-01-23T15:06:16.074+0000] {dagbag.py:545} INFO - Filling up the DagBag from /opt/airflow/dags/hw1_flatten_dag.py
[2026-01-23T15:06:16.087+0000] {processor.py:840} INFO - DAG(s) 'hw1_flatten_dag' retrieved from /opt/airflow/dags/hw1_flatten_dag.py
[2026-01-23T15:06:16.122+0000] {logging_mixin.py:188} INFO - [2026-01-23T15:06:16.122+0000] {dag.py:3089} INFO - Sync 1 DAGs
[2026-01-23T15:06:16.142+0000] {logging_mixin.py:188} INFO - [2026-01-23T15:06:16.142+0000] {dag.py:3947} INFO - Setting next_dagrun for hw1_flatten_dag to None, run_after=None
[2026-01-23T15:06:16.150+0000] {processor.py:183} INFO - Processing /opt/airflow/dags/hw1_flatten_dag.py took 0.088 seconds
[2026-01-23T15:06:46.402+0000] {processor.py:161} INFO - Started process (PID=300) to work on /opt/airflow/dags/hw1_flatten_dag.py
[2026-01-23T15:06:46.403+0000] {processor.py:830} INFO - Processing file /opt/airflow/dags/hw1_flatten_dag.py for tasks to queue
[2026-01-23T15:06:46.407+0000] {logging_mixin.py:188} INFO - [2026-01-23T15:06:46.407+0000] {dagbag.py:545} INFO - Filling up the DagBag from /opt/airflow/dags/hw1_flatten_dag.py
[2026-01-23T15:06:46.424+0000] {processor.py:840} INFO - DAG(s) 'hw1_flatten_dag' retrieved from /opt/airflow/dags/hw1_flatten_dag.py
[2026-01-23T15:06:46.471+0000] {logging_mixin.py:188} INFO - [2026-01-23T15:06:46.470+0000] {dag.py:3089} INFO - Sync 1 DAGs
[2026-01-23T15:06:46.482+0000] {logging_mixin.py:188} INFO - [2026-01-23T15:06:46.482+0000] {dag.py:3947} INFO - Setting next_dagrun for hw1_flatten_dag to None, run_after=None
[2026-01-23T15:06:46.496+0000] {processor.py:183} INFO - Processing /opt/airflow/dags/hw1_flatten_dag.py took 0.101 seconds
[2026-01-23T15:07:16.699+0000] {processor.py:161} INFO - Started process (PID=305) to work on /opt/airflow/dags/hw1_flatten_dag.py
[2026-01-23T15:07:16.700+0000] {processor.py:830} INFO - Processing file /opt/airflow/dags/hw1_flatten_dag.py for tasks to queue
[2026-01-23T15:07:16.704+0000] {logging_mixin.py:188} INFO - [2026-01-23T15:07:16.704+0000] {dagbag.py:545} INFO - Filling up the DagBag from /opt/airflow/dags/hw1_flatten_dag.py
[2026-01-23T15:07:16.714+0000] {processor.py:840} INFO - DAG(s) 'hw1_flatten_dag' retrieved from /opt/airflow/dags/hw1_flatten_dag.py
[2026-01-23T15:07:16.737+0000] {logging_mixin.py:188} INFO - [2026-01-23T15:07:16.737+0000] {dag.py:3089} INFO - Sync 1 DAGs
[2026-01-23T15:07:16.744+0000] {logging_mixin.py:188} INFO - [2026-01-23T15:07:16.743+0000] {dag.py:3947} INFO - Setting next_dagrun for hw1_flatten_dag to None, run_after=None
[2026-01-23T15:07:16.752+0000] {processor.py:183} INFO - Processing /opt/airflow/dags/hw1_flatten_dag.py took 0.057 seconds
[2026-01-23T15:07:47.002+0000] {processor.py:161} INFO - Started process (PID=310) to work on /opt/airflow/dags/hw1_flatten_dag.py
[2026-01-23T15:07:47.003+0000] {processor.py:830} INFO - Processing file /opt/airflow/dags/hw1_flatten_dag.py for tasks to queue
[2026-01-23T15:07:47.005+0000] {logging_mixin.py:188} INFO - [2026-01-23T15:07:47.005+0000] {dagbag.py:545} INFO - Filling up the DagBag from /opt/airflow/dags/hw1_flatten_dag.py
[2026-01-23T15:07:47.020+0000] {processor.py:840} INFO - DAG(s) 'hw1_flatten_dag' retrieved from /opt/airflow/dags/hw1_flatten_dag.py
[2026-01-23T15:07:47.041+0000] {logging_mixin.py:188} INFO - [2026-01-23T15:07:47.041+0000] {dag.py:3089} INFO - Sync 1 DAGs
[2026-01-23T15:07:47.048+0000] {logging_mixin.py:188} INFO - [2026-01-23T15:07:47.048+0000] {dag.py:3947} INFO - Setting next_dagrun for hw1_flatten_dag to None, run_after=None
[2026-01-23T15:07:47.056+0000] {processor.py:183} INFO - Processing /opt/airflow/dags/hw1_flatten_dag.py took 0.064 seconds
[2026-01-23T15:08:17.320+0000] {processor.py:161} INFO - Started process (PID=315) to work on /opt/airflow/dags/hw1_flatten_dag.py
[2026-01-23T15:08:17.323+0000] {processor.py:830} INFO - Processing file /opt/airflow/dags/hw1_flatten_dag.py for tasks to queue
[2026-01-23T15:08:17.330+0000] {logging_mixin.py:188} INFO - [2026-01-23T15:08:17.327+0000] {dagbag.py:545} INFO - Filling up the DagBag from /opt/airflow/dags/hw1_flatten_dag.py
[2026-01-23T15:08:17.345+0000] {processor.py:840} INFO - DAG(s) 'hw1_flatten_dag' retrieved from /opt/airflow/dags/hw1_flatten_dag.py
[2026-01-23T15:08:17.376+0000] {logging_mixin.py:188} INFO - [2026-01-23T15:08:17.376+0000] {dag.py:3089} INFO - Sync 1 DAGs
[2026-01-23T15:08:17.385+0000] {logging_mixin.py:188} INFO - [2026-01-23T15:08:17.385+0000] {dag.py:3947} INFO - Setting next_dagrun for hw1_flatten_dag to None, run_after=None
[2026-01-23T15:08:17.393+0000] {processor.py:183} INFO - Processing /opt/airflow/dags/hw1_flatten_dag.py took 0.082 seconds
[2026-01-23T15:08:47.679+0000] {processor.py:161} INFO - Started process (PID=320) to work on /opt/airflow/dags/hw1_flatten_dag.py
[2026-01-23T15:08:47.681+0000] {processor.py:830} INFO - Processing file /opt/airflow/dags/hw1_flatten_dag.py for tasks to queue
[2026-01-23T15:08:47.683+0000] {logging_mixin.py:188} INFO - [2026-01-23T15:08:47.683+0000] {dagbag.py:545} INFO - Filling up the DagBag from /opt/airflow/dags/hw1_flatten_dag.py
[2026-01-23T15:08:47.693+0000] {processor.py:840} INFO - DAG(s) 'hw1_flatten_dag' retrieved from /opt/airflow/dags/hw1_flatten_dag.py
[2026-01-23T15:08:47.713+0000] {logging_mixin.py:188} INFO - [2026-01-23T15:08:47.713+0000] {dag.py:3089} INFO - Sync 1 DAGs
[2026-01-23T15:08:47.720+0000] {logging_mixin.py:188} INFO - [2026-01-23T15:08:47.720+0000] {dag.py:3947} INFO - Setting next_dagrun for hw1_flatten_dag to None, run_after=None
[2026-01-23T15:08:47.727+0000] {processor.py:183} INFO - Processing /opt/airflow/dags/hw1_flatten_dag.py took 0.055 seconds
[2026-01-23T15:09:18.007+0000] {processor.py:161} INFO - Started process (PID=325) to work on /opt/airflow/dags/hw1_flatten_dag.py
[2026-01-23T15:09:18.009+0000] {processor.py:830} INFO - Processing file /opt/airflow/dags/hw1_flatten_dag.py for tasks to queue
[2026-01-23T15:09:18.011+0000] {logging_mixin.py:188} INFO - [2026-01-23T15:09:18.011+0000] {dagbag.py:545} INFO - Filling up the DagBag from /opt/airflow/dags/hw1_flatten_dag.py
[2026-01-23T15:09:18.025+0000] {processor.py:840} INFO - DAG(s) 'hw1_flatten_dag' retrieved from /opt/airflow/dags/hw1_flatten_dag.py
[2026-01-23T15:09:18.052+0000] {logging_mixin.py:188} INFO - [2026-01-23T15:09:18.052+0000] {dag.py:3089} INFO - Sync 1 DAGs
[2026-01-23T15:09:18.058+0000] {logging_mixin.py:188} INFO - [2026-01-23T15:09:18.058+0000] {dag.py:3947} INFO - Setting next_dagrun for hw1_flatten_dag to None, run_after=None
[2026-01-23T15:09:18.065+0000] {processor.py:183} INFO - Processing /opt/airflow/dags/hw1_flatten_dag.py took 0.067 seconds
[2026-01-23T15:09:48.331+0000] {processor.py:161} INFO - Started process (PID=330) to work on /opt/airflow/dags/hw1_flatten_dag.py
[2026-01-23T15:09:48.336+0000] {processor.py:830} INFO - Processing file /opt/airflow/dags/hw1_flatten_dag.py for tasks to queue
[2026-01-23T15:09:48.341+0000] {logging_mixin.py:188} INFO - [2026-01-23T15:09:48.340+0000] {dagbag.py:545} INFO - Filling up the DagBag from /opt/airflow/dags/hw1_flatten_dag.py
[2026-01-23T15:09:48.362+0000] {processor.py:840} INFO - DAG(s) 'hw1_flatten_dag' retrieved from /opt/airflow/dags/hw1_flatten_dag.py
[2026-01-23T15:09:48.384+0000] {logging_mixin.py:188} INFO - [2026-01-23T15:09:48.384+0000] {dag.py:3089} INFO - Sync 1 DAGs
[2026-01-23T15:09:48.391+0000] {logging_mixin.py:188} INFO - [2026-01-23T15:09:48.390+0000] {dag.py:3947} INFO - Setting next_dagrun for hw1_flatten_dag to None, run_after=None
[2026-01-23T15:09:48.398+0000] {processor.py:183} INFO - Processing /opt/airflow/dags/hw1_flatten_dag.py took 0.082 seconds
[2026-01-23T15:10:18.645+0000] {processor.py:161} INFO - Started process (PID=335) to work on /opt/airflow/dags/hw1_flatten_dag.py
[2026-01-23T15:10:18.647+0000] {processor.py:830} INFO - Processing file /opt/airflow/dags/hw1_flatten_dag.py for tasks to queue
[2026-01-23T15:10:18.652+0000] {logging_mixin.py:188} INFO - [2026-01-23T15:10:18.651+0000] {dagbag.py:545} INFO - Filling up the DagBag from /opt/airflow/dags/hw1_flatten_dag.py
[2026-01-23T15:10:18.675+0000] {processor.py:840} INFO - DAG(s) 'hw1_flatten_dag' retrieved from /opt/airflow/dags/hw1_flatten_dag.py
[2026-01-23T15:10:18.696+0000] {logging_mixin.py:188} INFO - [2026-01-23T15:10:18.696+0000] {dag.py:3089} INFO - Sync 1 DAGs
[2026-01-23T15:10:18.706+0000] {logging_mixin.py:188} INFO - [2026-01-23T15:10:18.706+0000] {dag.py:3947} INFO - Setting next_dagrun for hw1_flatten_dag to None, run_after=None
[2026-01-23T15:10:18.713+0000] {processor.py:183} INFO - Processing /opt/airflow/dags/hw1_flatten_dag.py took 0.083 seconds
[2026-01-23T15:10:48.977+0000] {processor.py:161} INFO - Started process (PID=340) to work on /opt/airflow/dags/hw1_flatten_dag.py
[2026-01-23T15:10:48.978+0000] {processor.py:830} INFO - Processing file /opt/airflow/dags/hw1_flatten_dag.py for tasks to queue
[2026-01-23T15:10:48.980+0000] {logging_mixin.py:188} INFO - [2026-01-23T15:10:48.980+0000] {dagbag.py:545} INFO - Filling up the DagBag from /opt/airflow/dags/hw1_flatten_dag.py
[2026-01-23T15:10:48.994+0000] {processor.py:840} INFO - DAG(s) 'hw1_flatten_dag' retrieved from /opt/airflow/dags/hw1_flatten_dag.py
[2026-01-23T15:10:49.017+0000] {logging_mixin.py:188} INFO - [2026-01-23T15:10:49.017+0000] {dag.py:3089} INFO - Sync 1 DAGs
[2026-01-23T15:10:49.023+0000] {logging_mixin.py:188} INFO - [2026-01-23T15:10:49.023+0000] {dag.py:3947} INFO - Setting next_dagrun for hw1_flatten_dag to None, run_after=None
[2026-01-23T15:10:49.029+0000] {processor.py:183} INFO - Processing /opt/airflow/dags/hw1_flatten_dag.py took 0.061 seconds
[2026-01-23T15:11:19.280+0000] {processor.py:161} INFO - Started process (PID=345) to work on /opt/airflow/dags/hw1_flatten_dag.py
[2026-01-23T15:11:19.281+0000] {processor.py:830} INFO - Processing file /opt/airflow/dags/hw1_flatten_dag.py for tasks to queue
[2026-01-23T15:11:19.283+0000] {logging_mixin.py:188} INFO - [2026-01-23T15:11:19.283+0000] {dagbag.py:545} INFO - Filling up the DagBag from /opt/airflow/dags/hw1_flatten_dag.py
[2026-01-23T15:11:19.298+0000] {processor.py:840} INFO - DAG(s) 'hw1_flatten_dag' retrieved from /opt/airflow/dags/hw1_flatten_dag.py
[2026-01-23T15:11:19.318+0000] {logging_mixin.py:188} INFO - [2026-01-23T15:11:19.318+0000] {dag.py:3089} INFO - Sync 1 DAGs
[2026-01-23T15:11:19.324+0000] {logging_mixin.py:188} INFO - [2026-01-23T15:11:19.324+0000] {dag.py:3947} INFO - Setting next_dagrun for hw1_flatten_dag to None, run_after=None
[2026-01-23T15:11:19.333+0000] {processor.py:183} INFO - Processing /opt/airflow/dags/hw1_flatten_dag.py took 0.071 seconds
[2026-01-23T15:11:49.588+0000] {processor.py:161} INFO - Started process (PID=350) to work on /opt/airflow/dags/hw1_flatten_dag.py
[2026-01-23T15:11:49.589+0000] {processor.py:830} INFO - Processing file /opt/airflow/dags/hw1_flatten_dag.py for tasks to queue
[2026-01-23T15:11:49.592+0000] {logging_mixin.py:188} INFO - [2026-01-23T15:11:49.591+0000] {dagbag.py:545} INFO - Filling up the DagBag from /opt/airflow/dags/hw1_flatten_dag.py
[2026-01-23T15:11:49.611+0000] {processor.py:840} INFO - DAG(s) 'hw1_flatten_dag' retrieved from /opt/airflow/dags/hw1_flatten_dag.py
[2026-01-23T15:11:49.639+0000] {logging_mixin.py:188} INFO - [2026-01-23T15:11:49.639+0000] {dag.py:3089} INFO - Sync 1 DAGs
[2026-01-23T15:11:49.645+0000] {logging_mixin.py:188} INFO - [2026-01-23T15:11:49.645+0000] {dag.py:3947} INFO - Setting next_dagrun for hw1_flatten_dag to None, run_after=None
[2026-01-23T15:11:49.651+0000] {processor.py:183} INFO - Processing /opt/airflow/dags/hw1_flatten_dag.py took 0.078 seconds
[2026-01-23T15:12:19.841+0000] {processor.py:161} INFO - Started process (PID=355) to work on /opt/airflow/dags/hw1_flatten_dag.py
[2026-01-23T15:12:19.842+0000] {processor.py:830} INFO - Processing file /opt/airflow/dags/hw1_flatten_dag.py for tasks to queue
[2026-01-23T15:12:19.845+0000] {logging_mixin.py:188} INFO - [2026-01-23T15:12:19.844+0000] {dagbag.py:545} INFO - Filling up the DagBag from /opt/airflow/dags/hw1_flatten_dag.py
[2026-01-23T15:12:19.855+0000] {processor.py:840} INFO - DAG(s) 'hw1_flatten_dag' retrieved from /opt/airflow/dags/hw1_flatten_dag.py
[2026-01-23T15:12:19.875+0000] {logging_mixin.py:188} INFO - [2026-01-23T15:12:19.875+0000] {dag.py:3089} INFO - Sync 1 DAGs
[2026-01-23T15:12:19.881+0000] {logging_mixin.py:188} INFO - [2026-01-23T15:12:19.881+0000] {dag.py:3947} INFO - Setting next_dagrun for hw1_flatten_dag to None, run_after=None
[2026-01-23T15:12:19.888+0000] {processor.py:183} INFO - Processing /opt/airflow/dags/hw1_flatten_dag.py took 0.055 seconds
[2026-01-23T15:12:35.978+0000] {processor.py:161} INFO - Started process (PID=360) to work on /opt/airflow/dags/hw1_flatten_dag.py
[2026-01-23T15:12:35.979+0000] {processor.py:830} INFO - Processing file /opt/airflow/dags/hw1_flatten_dag.py for tasks to queue
[2026-01-23T15:12:35.980+0000] {logging_mixin.py:188} INFO - [2026-01-23T15:12:35.980+0000] {dagbag.py:545} INFO - Filling up the DagBag from /opt/airflow/dags/hw1_flatten_dag.py
[2026-01-23T15:12:35.990+0000] {processor.py:840} INFO - DAG(s) 'hw1_flatten_dag' retrieved from /opt/airflow/dags/hw1_flatten_dag.py
[2026-01-23T15:12:36.008+0000] {logging_mixin.py:188} INFO - [2026-01-23T15:12:36.008+0000] {dag.py:3089} INFO - Sync 1 DAGs
[2026-01-23T15:12:36.014+0000] {logging_mixin.py:188} INFO - [2026-01-23T15:12:36.014+0000] {dag.py:3947} INFO - Setting next_dagrun for hw1_flatten_dag to None, run_after=None
[2026-01-23T15:12:36.021+0000] {processor.py:183} INFO - Processing /opt/airflow/dags/hw1_flatten_dag.py took 0.053 seconds
[2026-01-23T15:12:41.046+0000] {processor.py:161} INFO - Started process (PID=365) to work on /opt/airflow/dags/hw1_flatten_dag.py
[2026-01-23T15:12:41.047+0000] {processor.py:830} INFO - Processing file /opt/airflow/dags/hw1_flatten_dag.py for tasks to queue
[2026-01-23T15:12:41.049+0000] {logging_mixin.py:188} INFO - [2026-01-23T15:12:41.048+0000] {dagbag.py:545} INFO - Filling up the DagBag from /opt/airflow/dags/hw1_flatten_dag.py
[2026-01-23T15:12:41.061+0000] {processor.py:840} INFO - DAG(s) 'hw1_flatten_dag' retrieved from /opt/airflow/dags/hw1_flatten_dag.py
[2026-01-23T15:12:41.077+0000] {logging_mixin.py:188} INFO - [2026-01-23T15:12:41.077+0000] {dag.py:3089} INFO - Sync 1 DAGs
[2026-01-23T15:12:41.083+0000] {logging_mixin.py:188} INFO - [2026-01-23T15:12:41.083+0000] {dag.py:3947} INFO - Setting next_dagrun for hw1_flatten_dag to None, run_after=None
[2026-01-23T15:12:41.090+0000] {processor.py:183} INFO - Processing /opt/airflow/dags/hw1_flatten_dag.py took 0.051 seconds
[2026-01-23T15:13:11.357+0000] {processor.py:161} INFO - Started process (PID=370) to work on /opt/airflow/dags/hw1_flatten_dag.py
[2026-01-23T15:13:11.358+0000] {processor.py:830} INFO - Processing file /opt/airflow/dags/hw1_flatten_dag.py for tasks to queue
[2026-01-23T15:13:11.363+0000] {logging_mixin.py:188} INFO - [2026-01-23T15:13:11.362+0000] {dagbag.py:545} INFO - Filling up the DagBag from /opt/airflow/dags/hw1_flatten_dag.py
[2026-01-23T15:13:11.378+0000] {processor.py:840} INFO - DAG(s) 'hw1_flatten_dag' retrieved from /opt/airflow/dags/hw1_flatten_dag.py
[2026-01-23T15:13:11.404+0000] {logging_mixin.py:188} INFO - [2026-01-23T15:13:11.404+0000] {dag.py:3089} INFO - Sync 1 DAGs
[2026-01-23T15:13:11.411+0000] {logging_mixin.py:188} INFO - [2026-01-23T15:13:11.411+0000] {dag.py:3947} INFO - Setting next_dagrun for hw1_flatten_dag to None, run_after=None
[2026-01-23T15:13:11.421+0000] {processor.py:183} INFO - Processing /opt/airflow/dags/hw1_flatten_dag.py took 0.072 seconds
[2026-01-23T15:13:41.633+0000] {processor.py:161} INFO - Started process (PID=375) to work on /opt/airflow/dags/hw1_flatten_dag.py
[2026-01-23T15:13:41.635+0000] {processor.py:830} INFO - Processing file /opt/airflow/dags/hw1_flatten_dag.py for tasks to queue
[2026-01-23T15:13:41.638+0000] {logging_mixin.py:188} INFO - [2026-01-23T15:13:41.638+0000] {dagbag.py:545} INFO - Filling up the DagBag from /opt/airflow/dags/hw1_flatten_dag.py
[2026-01-23T15:13:41.657+0000] {processor.py:840} INFO - DAG(s) 'hw1_flatten_dag' retrieved from /opt/airflow/dags/hw1_flatten_dag.py
[2026-01-23T15:13:41.687+0000] {logging_mixin.py:188} INFO - [2026-01-23T15:13:41.687+0000] {dag.py:3089} INFO - Sync 1 DAGs
[2026-01-23T15:13:41.698+0000] {logging_mixin.py:188} INFO - [2026-01-23T15:13:41.698+0000] {dag.py:3947} INFO - Setting next_dagrun for hw1_flatten_dag to None, run_after=None
[2026-01-23T15:13:41.708+0000] {processor.py:183} INFO - Processing /opt/airflow/dags/hw1_flatten_dag.py took 0.087 seconds
[2026-01-23T15:14:11.903+0000] {processor.py:161} INFO - Started process (PID=380) to work on /opt/airflow/dags/hw1_flatten_dag.py
[2026-01-23T15:14:11.904+0000] {processor.py:830} INFO - Processing file /opt/airflow/dags/hw1_flatten_dag.py for tasks to queue
[2026-01-23T15:14:11.908+0000] {logging_mixin.py:188} INFO - [2026-01-23T15:14:11.907+0000] {dagbag.py:545} INFO - Filling up the DagBag from /opt/airflow/dags/hw1_flatten_dag.py
[2026-01-23T15:14:11.924+0000] {processor.py:840} INFO - DAG(s) 'hw1_flatten_dag' retrieved from /opt/airflow/dags/hw1_flatten_dag.py
[2026-01-23T15:14:11.943+0000] {logging_mixin.py:188} INFO - [2026-01-23T15:14:11.943+0000] {dag.py:3089} INFO - Sync 1 DAGs
[2026-01-23T15:14:11.949+0000] {logging_mixin.py:188} INFO - [2026-01-23T15:14:11.949+0000] {dag.py:3947} INFO - Setting next_dagrun for hw1_flatten_dag to None, run_after=None
[2026-01-23T15:14:11.957+0000] {processor.py:183} INFO - Processing /opt/airflow/dags/hw1_flatten_dag.py took 0.063 seconds
[2026-01-23T15:14:42.218+0000] {processor.py:161} INFO - Started process (PID=385) to work on /opt/airflow/dags/hw1_flatten_dag.py
[2026-01-23T15:14:42.219+0000] {processor.py:830} INFO - Processing file /opt/airflow/dags/hw1_flatten_dag.py for tasks to queue
[2026-01-23T15:14:42.222+0000] {logging_mixin.py:188} INFO - [2026-01-23T15:14:42.221+0000] {dagbag.py:545} INFO - Filling up the DagBag from /opt/airflow/dags/hw1_flatten_dag.py
[2026-01-23T15:14:42.247+0000] {processor.py:840} INFO - DAG(s) 'hw1_flatten_dag' retrieved from /opt/airflow/dags/hw1_flatten_dag.py
[2026-01-23T15:14:42.276+0000] {logging_mixin.py:188} INFO - [2026-01-23T15:14:42.276+0000] {dag.py:3089} INFO - Sync 1 DAGs
[2026-01-23T15:14:42.283+0000] {logging_mixin.py:188} INFO - [2026-01-23T15:14:42.282+0000] {dag.py:3947} INFO - Setting next_dagrun for hw1_flatten_dag to None, run_after=None
[2026-01-23T15:14:42.289+0000] {processor.py:183} INFO - Processing /opt/airflow/dags/hw1_flatten_dag.py took 0.077 seconds
[2026-01-23T15:15:12.506+0000] {processor.py:161} INFO - Started process (PID=394) to work on /opt/airflow/dags/hw1_flatten_dag.py
[2026-01-23T15:15:12.507+0000] {processor.py:830} INFO - Processing file /opt/airflow/dags/hw1_flatten_dag.py for tasks to queue
[2026-01-23T15:15:12.513+0000] {logging_mixin.py:188} INFO - [2026-01-23T15:15:12.512+0000] {dagbag.py:545} INFO - Filling up the DagBag from /opt/airflow/dags/hw1_flatten_dag.py
[2026-01-23T15:15:12.526+0000] {processor.py:840} INFO - DAG(s) 'hw1_flatten_dag' retrieved from /opt/airflow/dags/hw1_flatten_dag.py
[2026-01-23T15:15:12.547+0000] {logging_mixin.py:188} INFO - [2026-01-23T15:15:12.547+0000] {dag.py:3089} INFO - Sync 1 DAGs
[2026-01-23T15:15:12.557+0000] {logging_mixin.py:188} INFO - [2026-01-23T15:15:12.557+0000] {dag.py:3947} INFO - Setting next_dagrun for hw1_flatten_dag to None, run_after=None
[2026-01-23T15:15:12.566+0000] {processor.py:183} INFO - Processing /opt/airflow/dags/hw1_flatten_dag.py took 0.070 seconds
[2026-01-23T15:15:42.773+0000] {processor.py:161} INFO - Started process (PID=399) to work on /opt/airflow/dags/hw1_flatten_dag.py
[2026-01-23T15:15:42.774+0000] {processor.py:830} INFO - Processing file /opt/airflow/dags/hw1_flatten_dag.py for tasks to queue
[2026-01-23T15:15:42.778+0000] {logging_mixin.py:188} INFO - [2026-01-23T15:15:42.777+0000] {dagbag.py:545} INFO - Filling up the DagBag from /opt/airflow/dags/hw1_flatten_dag.py
[2026-01-23T15:15:42.793+0000] {processor.py:840} INFO - DAG(s) 'hw1_flatten_dag' retrieved from /opt/airflow/dags/hw1_flatten_dag.py
[2026-01-23T15:15:42.832+0000] {logging_mixin.py:188} INFO - [2026-01-23T15:15:42.832+0000] {dag.py:3089} INFO - Sync 1 DAGs
[2026-01-23T15:15:42.840+0000] {logging_mixin.py:188} INFO - [2026-01-23T15:15:42.840+0000] {dag.py:3947} INFO - Setting next_dagrun for hw1_flatten_dag to None, run_after=None
[2026-01-23T15:15:42.858+0000] {processor.py:183} INFO - Processing /opt/airflow/dags/hw1_flatten_dag.py took 0.095 seconds
[2026-01-23T15:16:13.072+0000] {processor.py:161} INFO - Started process (PID=404) to work on /opt/airflow/dags/hw1_flatten_dag.py
[2026-01-23T15:16:13.073+0000] {processor.py:830} INFO - Processing file /opt/airflow/dags/hw1_flatten_dag.py for tasks to queue
[2026-01-23T15:16:13.076+0000] {logging_mixin.py:188} INFO - [2026-01-23T15:16:13.076+0000] {dagbag.py:545} INFO - Filling up the DagBag from /opt/airflow/dags/hw1_flatten_dag.py
[2026-01-23T15:16:13.088+0000] {processor.py:840} INFO - DAG(s) 'hw1_flatten_dag' retrieved from /opt/airflow/dags/hw1_flatten_dag.py
[2026-01-23T15:16:13.114+0000] {logging_mixin.py:188} INFO - [2026-01-23T15:16:13.114+0000] {dag.py:3089} INFO - Sync 1 DAGs
[2026-01-23T15:16:13.120+0000] {logging_mixin.py:188} INFO - [2026-01-23T15:16:13.120+0000] {dag.py:3947} INFO - Setting next_dagrun for hw1_flatten_dag to None, run_after=None
[2026-01-23T15:16:13.127+0000] {processor.py:183} INFO - Processing /opt/airflow/dags/hw1_flatten_dag.py took 0.067 seconds
[2026-01-23T15:16:43.444+0000] {processor.py:161} INFO - Started process (PID=409) to work on /opt/airflow/dags/hw1_flatten_dag.py
[2026-01-23T15:16:43.445+0000] {processor.py:830} INFO - Processing file /opt/airflow/dags/hw1_flatten_dag.py for tasks to queue
[2026-01-23T15:16:43.450+0000] {logging_mixin.py:188} INFO - [2026-01-23T15:16:43.449+0000] {dagbag.py:545} INFO - Filling up the DagBag from /opt/airflow/dags/hw1_flatten_dag.py
[2026-01-23T15:16:43.468+0000] {processor.py:840} INFO - DAG(s) 'hw1_flatten_dag' retrieved from /opt/airflow/dags/hw1_flatten_dag.py
[2026-01-23T15:16:43.486+0000] {logging_mixin.py:188} INFO - [2026-01-23T15:16:43.486+0000] {dag.py:3089} INFO - Sync 1 DAGs
[2026-01-23T15:16:43.491+0000] {logging_mixin.py:188} INFO - [2026-01-23T15:16:43.491+0000] {dag.py:3947} INFO - Setting next_dagrun for hw1_flatten_dag to None, run_after=None
[2026-01-23T15:16:43.501+0000] {processor.py:183} INFO - Processing /opt/airflow/dags/hw1_flatten_dag.py took 0.073 seconds
[2026-01-23T15:17:13.760+0000] {processor.py:161} INFO - Started process (PID=414) to work on /opt/airflow/dags/hw1_flatten_dag.py
[2026-01-23T15:17:13.761+0000] {processor.py:830} INFO - Processing file /opt/airflow/dags/hw1_flatten_dag.py for tasks to queue
[2026-01-23T15:17:13.764+0000] {logging_mixin.py:188} INFO - [2026-01-23T15:17:13.764+0000] {dagbag.py:545} INFO - Filling up the DagBag from /opt/airflow/dags/hw1_flatten_dag.py
[2026-01-23T15:17:13.781+0000] {processor.py:840} INFO - DAG(s) 'hw1_flatten_dag' retrieved from /opt/airflow/dags/hw1_flatten_dag.py
[2026-01-23T15:17:13.807+0000] {logging_mixin.py:188} INFO - [2026-01-23T15:17:13.807+0000] {dag.py:3089} INFO - Sync 1 DAGs
[2026-01-23T15:17:13.815+0000] {logging_mixin.py:188} INFO - [2026-01-23T15:17:13.815+0000] {dag.py:3947} INFO - Setting next_dagrun for hw1_flatten_dag to None, run_after=None
[2026-01-23T15:17:13.822+0000] {processor.py:183} INFO - Processing /opt/airflow/dags/hw1_flatten_dag.py took 0.074 seconds
[2026-01-23T15:17:44.067+0000] {processor.py:161} INFO - Started process (PID=419) to work on /opt/airflow/dags/hw1_flatten_dag.py
[2026-01-23T15:17:44.068+0000] {processor.py:830} INFO - Processing file /opt/airflow/dags/hw1_flatten_dag.py for tasks to queue
[2026-01-23T15:17:44.075+0000] {logging_mixin.py:188} INFO - [2026-01-23T15:17:44.074+0000] {dagbag.py:545} INFO - Filling up the DagBag from /opt/airflow/dags/hw1_flatten_dag.py
[2026-01-23T15:17:44.097+0000] {processor.py:840} INFO - DAG(s) 'hw1_flatten_dag' retrieved from /opt/airflow/dags/hw1_flatten_dag.py
[2026-01-23T15:17:44.120+0000] {logging_mixin.py:188} INFO - [2026-01-23T15:17:44.120+0000] {dag.py:3089} INFO - Sync 1 DAGs
[2026-01-23T15:17:44.126+0000] {logging_mixin.py:188} INFO - [2026-01-23T15:17:44.126+0000] {dag.py:3947} INFO - Setting next_dagrun for hw1_flatten_dag to None, run_after=None
[2026-01-23T15:17:44.133+0000] {processor.py:183} INFO - Processing /opt/airflow/dags/hw1_flatten_dag.py took 0.074 seconds
