[2026-01-31T12:57:51.580+0000] {local_task_job_runner.py:120} INFO - ::group::Pre task execution logs
[2026-01-31T12:57:51.592+0000] {taskinstance.py:2076} INFO - Dependencies all met for dep_context=non-requeueable deps ti=<TaskInstance: hw2_temperature_dag.clean_by_percentile manual__2026-01-31T12:57:50.029608+00:00 [queued]>
[2026-01-31T12:57:51.595+0000] {taskinstance.py:2076} INFO - Dependencies all met for dep_context=requeueable deps ti=<TaskInstance: hw2_temperature_dag.clean_by_percentile manual__2026-01-31T12:57:50.029608+00:00 [queued]>
[2026-01-31T12:57:51.595+0000] {taskinstance.py:2306} INFO - Starting attempt 1 of 1
[2026-01-31T12:57:51.598+0000] {taskinstance.py:2330} INFO - Executing <Task(PythonOperator): clean_by_percentile> on 2026-01-31 12:57:50.029608+00:00
[2026-01-31T12:57:51.600+0000] {logging_mixin.py:188} WARNING - /home/***/.local/lib/python3.12/site-packages/***/task/task_runner/standard_task_runner.py:62 DeprecationWarning: This process (pid=207) is multi-threaded, use of fork() may lead to deadlocks in the child.
[2026-01-31T12:57:51.601+0000] {standard_task_runner.py:64} INFO - Started process 209 to run task
[2026-01-31T12:57:51.601+0000] {standard_task_runner.py:90} INFO - Running: ['***', 'tasks', 'run', 'hw2_temperature_dag', 'clean_by_percentile', 'manual__2026-01-31T12:57:50.029608+00:00', '--job-id', '8', '--raw', '--subdir', 'DAGS_FOLDER/hw2_temperature_dag.py', '--cfg-path', '/tmp/tmp2_d_covt']
[2026-01-31T12:57:51.602+0000] {standard_task_runner.py:91} INFO - Job 8: Subtask clean_by_percentile
[2026-01-31T12:57:51.613+0000] {task_command.py:426} INFO - Running <TaskInstance: hw2_temperature_dag.clean_by_percentile manual__2026-01-31T12:57:50.029608+00:00 [running]> on host cf04a253ce56
[2026-01-31T12:57:51.640+0000] {taskinstance.py:2648} INFO - Exporting env vars: AIRFLOW_CTX_DAG_OWNER='***' AIRFLOW_CTX_DAG_ID='hw2_temperature_dag' AIRFLOW_CTX_TASK_ID='clean_by_percentile' AIRFLOW_CTX_EXECUTION_DATE='2026-01-31T12:57:50.029608+00:00' AIRFLOW_CTX_TRY_NUMBER='1' AIRFLOW_CTX_DAG_RUN_ID='manual__2026-01-31T12:57:50.029608+00:00'
[2026-01-31T12:57:51.640+0000] {taskinstance.py:430} INFO - ::endgroup::
[2026-01-31T12:57:51.656+0000] {logging_mixin.py:188} INFO - Temperature percentiles: 5th=27.0, 95th=34.0
[2026-01-31T12:57:51.657+0000] {logging_mixin.py:188} INFO - Removed 1345 outliers, 19000 records remaining
[2026-01-31T12:57:51.734+0000] {python.py:237} INFO - Done. Returned value was: None
[2026-01-31T12:57:51.734+0000] {taskinstance.py:441} INFO - ::group::Post task execution logs
[2026-01-31T12:57:51.736+0000] {taskinstance.py:1206} INFO - Marking task as SUCCESS. dag_id=hw2_temperature_dag, task_id=clean_by_percentile, run_id=manual__2026-01-31T12:57:50.029608+00:00, execution_date=20260131T125750, start_date=20260131T125751, end_date=20260131T125751
[2026-01-31T12:57:51.743+0000] {local_task_job_runner.py:243} INFO - Task exited with return code 0
[2026-01-31T12:57:51.750+0000] {taskinstance.py:3503} INFO - 1 downstream tasks scheduled from follow-on schedule check
[2026-01-31T12:57:51.750+0000] {local_task_job_runner.py:222} INFO - ::endgroup::
